#
# There is insufficient memory for the Java Runtime Environment to continue.
# Native memory allocation (mmap) failed to map 134217728 bytes for G1 virtual space
# Possible reasons:
#   The system is out of physical RAM or swap space
#   The process is running with CompressedOops enabled, and the Java Heap may be blocking the growth of the native heap
# Possible solutions:
#   Reduce memory load on the system
#   Increase physical memory or swap space
#   Check if swap backing store is full
#   Decrease Java heap size (-Xmx/-Xms)
#   Decrease number of Java threads
#   Decrease Java thread stack sizes (-Xss)
#   Set larger code cache with -XX:ReservedCodeCacheSize=
#   JVM is running with Unscaled Compressed Oops mode in which the Java heap is
#     placed in the first 4GB address space. The Java Heap base address is the
#     maximum limit for the native heap growth. Please use -XX:HeapBaseMinAddress
#     to set the Java Heap base and to place the Java Heap above 4GB virtual address.
# This output file may be truncated or incomplete.
#
#  Out of Memory Error (./open/src/hotspot/os/windows/os_windows.cpp:3472), pid=4708, tid=15120
#
# JRE version:  (15.0.1+9) (build )
# Java VM: OpenJDK 64-Bit Server VM (15.0.1+9-18, mixed mode, sharing, tiered, compressed oops, g1 gc, windows-amd64)
# No core dump will be written. Minidumps are not enabled by default on client versions of Windows
#

---------------  S U M M A R Y ------------

Command Line: -Dfile.encoding=Cp1252 -XX:+ShowCodeDetailsInExceptionMessages Clock.Clock

Host: Intel(R) Core(TM) i7-5500U CPU @ 2.40GHz, 4 cores, 7G,  Windows 10 , 64 bit Build 19041 (10.0.19041.928)
Time: Tue Jun  1 12:04:01 2021 SE Asia Standard Time elapsed time: 0.016651 seconds (0d 0h 0m 0s)

---------------  T H R E A D  ---------------

Current thread (0x000001bba423f850):  JavaThread "Unknown thread" [_thread_in_vm, id=15120, stack(0x0000008cfa900000,0x0000008cfaa00000)]

Stack: [0x0000008cfa900000,0x0000008cfaa00000]
Native frames: (J=compiled Java code, j=interpreted, Vv=VM code, C=native code)
V  [jvm.dll+0x62ae9a]
V  [jvm.dll+0x781389]
V  [jvm.dll+0x782ae3]
V  [jvm.dll+0x783143]
V  [jvm.dll+0x216265]
V  [jvm.dll+0x6281d9]
V  [jvm.dll+0x61cd15]
V  [jvm.dll+0x2d01fd]
V  [jvm.dll+0x2d0062]
V  [jvm.dll+0x2d603c]
V  [jvm.dll+0x325b2a]
V  [jvm.dll+0x3251f4]
V  [jvm.dll+0x2a717a]
V  [jvm.dll+0x2a8318]
V  [jvm.dll+0x75e101]
V  [jvm.dll+0x3343e4]
V  [jvm.dll+0x73e826]
V  [jvm.dll+0x3b7777]
V  [jvm.dll+0x3b9201]
C  [jli.dll+0x52fb]
C  [ucrtbase.dll+0x21bb2]
C  [KERNEL32.DLL+0x17034]
C  [ntdll.dll+0x52651]


---------------  P R O C E S S  ---------------

Threads class SMR info:
_java_thread_list=0x00007ffd61d44ff0, length=0, elements={
}

Java Threads: ( => current thread )

Other Threads:
  0x000001bba427ee00 GCTaskThread "GC Thread#0" [stack: 0x0000008cfaa00000,0x0000008cfab00000] [id=18128]
  0x000001bba4291410 ConcurrentGCThread "G1 Main Marker" [stack: 0x0000008cfab00000,0x0000008cfac00000] [id=16076]
  0x000001bba4292f20 ConcurrentGCThread "G1 Conc#0" [stack: 0x0000008cfac00000,0x0000008cfad00000] [id=15772]

[error occurred during error reporting (printing all threads), id 0xc0000005, EXCEPTION_ACCESS_VIOLATION (0xc0000005) at pc=0x00007ffd61538047]

VM state: not at safepoint (not fully initialized)

VM Mutex/Monitor currently owned by a thread:  ([mutex/lock_event])
[0x000001bba423cba0] Heap_lock - owner thread: 0x000001bba423f850

Heap address: 0x0000000081800000, size: 2024 MB, Compressed Oops mode: 32-bit
CDS archive(s) mapped at: [0x0000000000000000-0x0000000000000000-0x0000000000000000), size 0, SharedBaseAddress: 0x0000000800000000, ArchiveRelocationMode: 0.
Narrow klass base: 0x0000000000000000, Narrow klass shift: 0, Narrow klass range: 0x0

Heap:
 garbage-first heap   total 131072K, used 0K [0x0000000081800000, 0x0000000100000000)
  region size 1024K, 0 young (0K), 0 survivors (0K)
 Metaspace       used 0K, capacity 0K, committed 0K, reserved 0K
  class space    used 0K, capacity 0K, committed 0K, reserved 0K

Heap Regions: E=young(eden), S=young(survivor), O=old, HS=humongous(starts), HC=humongous(continues), CS=collection set, F=free, OA=open archive, CA=closed archive, TAMS=top-at-mark-start (previous, next)

Card table byte_map: [0x000001bbb7060000,0x000001bbb7460000] _byte_map_base: 0x000001bbb6c54000

Marking Bits (Prev, Next): (CMBitMap*) 0x000001bba427f580, (CMBitMap*) 0x000001bba427f5c0
 Prev Bits: [0x000001bbb7860000, 0x000001bbb9800000)
 Next Bits: [0x000001bbb9800000, 0x000001bbbb7a0000)

GC Heap History (0 events):
No events

Deoptimization events (0 events):
No events

Classes unloaded (0 events):
No events

Classes redefined (0 events):
No events

Internal exceptions (0 events):
No events

Events (1 events):
Event: 0.009 Loaded shared library C:\Users\hai\.p2\pool\plugins\org.eclipse.justj.openjdk.hotspot.jre.full.win32.x86_64_15.0.1.v20201027-0507\jre\bin\java.dll


Dynamic libraries:
0x00007ff74cfd0000 - 0x00007ff74cfdd000 	C:\Users\hai\.p2\pool\plugins\org.eclipse.justj.openjdk.hotspot.jre.full.win32.x86_64_15.0.1.v20201027-0507\jre\bin\javaw.exe
0x00007ffd9adb0000 - 0x00007ffd9afa5000 	C:\WINDOWS\SYSTEM32\ntdll.dll
0x00007ffd99ae0000 - 0x00007ffd99b9d000 	C:\WINDOWS\System32\KERNEL32.DLL
0x00007ffd985f0000 - 0x00007ffd988b8000 	C:\WINDOWS\System32\KERNELBASE.dll
0x00007ffd988c0000 - 0x00007ffd989c0000 	C:\WINDOWS\System32\ucrtbase.dll
0x00007ffd942d0000 - 0x00007ffd942e8000 	C:\Users\hai\.p2\pool\plugins\org.eclipse.justj.openjdk.hotspot.jre.full.win32.x86_64_15.0.1.v20201027-0507\jre\bin\jli.dll
0x00007ffd92c20000 - 0x00007ffd92c39000 	C:\Users\hai\.p2\pool\plugins\org.eclipse.justj.openjdk.hotspot.jre.full.win32.x86_64_15.0.1.v20201027-0507\jre\bin\VCRUNTIME140.dll
0x00007ffd99820000 - 0x00007ffd999c0000 	C:\WINDOWS\System32\USER32.dll
0x00007ffd98b20000 - 0x00007ffd98b42000 	C:\WINDOWS\System32\win32u.dll
0x00007ffd8a8f0000 - 0x00007ffd8ab8a000 	C:\WINDOWS\WinSxS\amd64_microsoft.windows.common-controls_6595b64144ccf1df_6.0.19041.844_none_ca00b6081b84eb1d\COMCTL32.dll
0x00007ffd99e80000 - 0x00007ffd99eaa000 	C:\WINDOWS\System32\GDI32.dll
0x00007ffd999d0000 - 0x00007ffd99a6e000 	C:\WINDOWS\System32\msvcrt.dll
0x00007ffd989c0000 - 0x00007ffd98acb000 	C:\WINDOWS\System32\gdi32full.dll
0x00007ffd984f0000 - 0x00007ffd9858d000 	C:\WINDOWS\System32\msvcp_win.dll
0x00007ffd98f30000 - 0x00007ffd98f60000 	C:\WINDOWS\System32\IMM32.DLL
0x00007ffd952c0000 - 0x00007ffd952cc000 	C:\Users\hai\.p2\pool\plugins\org.eclipse.justj.openjdk.hotspot.jre.full.win32.x86_64_15.0.1.v20201027-0507\jre\bin\vcruntime140_1.dll
0x00007ffd79c10000 - 0x00007ffd79ca1000 	C:\Users\hai\.p2\pool\plugins\org.eclipse.justj.openjdk.hotspot.jre.full.win32.x86_64_15.0.1.v20201027-0507\jre\bin\msvcp140.dll
0x00007ffd61280000 - 0x00007ffd61dde000 	C:\Users\hai\.p2\pool\plugins\org.eclipse.justj.openjdk.hotspot.jre.full.win32.x86_64_15.0.1.v20201027-0507\jre\bin\server\jvm.dll
0x00007ffd99ba0000 - 0x00007ffd99c4c000 	C:\WINDOWS\System32\ADVAPI32.dll
0x00007ffd99eb0000 - 0x00007ffd99f4b000 	C:\WINDOWS\System32\sechost.dll
0x00007ffd99c50000 - 0x00007ffd99d7b000 	C:\WINDOWS\System32\RPCRT4.dll
0x00007ffd99ad0000 - 0x00007ffd99ad8000 	C:\WINDOWS\System32\PSAPI.DLL
0x00007ffd96c90000 - 0x00007ffd96c99000 	C:\WINDOWS\SYSTEM32\WSOCK32.dll
0x00007ffd8c3a0000 - 0x00007ffd8c3c7000 	C:\WINDOWS\SYSTEM32\WINMM.dll
0x00007ffd9ac50000 - 0x00007ffd9acbb000 	C:\WINDOWS\System32\WS2_32.dll
0x00007ffd8e030000 - 0x00007ffd8e03a000 	C:\WINDOWS\SYSTEM32\VERSION.dll
0x00007ffd96e10000 - 0x00007ffd96e22000 	C:\WINDOWS\SYSTEM32\kernel.appcore.dll
0x00007ffd89e00000 - 0x00007ffd89e0a000 	C:\Users\hai\.p2\pool\plugins\org.eclipse.justj.openjdk.hotspot.jre.full.win32.x86_64_15.0.1.v20201027-0507\jre\bin\jimage.dll
0x00007ffd96aa0000 - 0x00007ffd96c84000 	C:\WINDOWS\SYSTEM32\DBGHELP.DLL
0x00007ffd7f1a0000 - 0x00007ffd7f1cc000 	C:\WINDOWS\SYSTEM32\dbgcore.DLL
0x00007ffd98b50000 - 0x00007ffd98bd0000 	C:\WINDOWS\System32\bcryptPrimitives.dll
0x00007ffd6dc80000 - 0x00007ffd6dca5000 	C:\Users\hai\.p2\pool\plugins\org.eclipse.justj.openjdk.hotspot.jre.full.win32.x86_64_15.0.1.v20201027-0507\jre\bin\java.dll

dbghelp: loaded successfully - version: 4.0.5 - missing functions: none
symbol engine: initialized successfully - sym options: 0x614 - pdb path: .;C:\Users\hai\.p2\pool\plugins\org.eclipse.justj.openjdk.hotspot.jre.full.win32.x86_64_15.0.1.v20201027-0507\jre\bin;C:\WINDOWS\SYSTEM32;C:\WINDOWS\WinSxS\amd64_microsoft.windows.common-controls_6595b64144ccf1df_6.0.19041.844_none_ca00b6081b84eb1d;C:\Users\hai\.p2\pool\plugins\org.eclipse.justj.openjdk.hotspot.jre.full.win32.x86_64_15.0.1.v20201027-0507\jre\bin\server

VM Arguments:
jvm_args: -Dfile.encoding=Cp1252 -XX:+ShowCodeDetailsInExceptionMessages 
java_command: Clock.Clock
java_class_path (initial): C:\Users\hai\Desktop\Clock-JavaSwing\bin
Launcher Type: SUN_STANDARD

[Global flags]
     intx CICompilerCount                          = 3                                         {product} {ergonomic}
     uint ConcGCThreads                            = 1                                         {product} {ergonomic}
     uint G1ConcRefinementThreads                  = 4                                         {product} {ergonomic}
   size_t G1HeapRegionSize                         = 1048576                                   {product} {ergonomic}
    uintx GCDrainStackTargetSize                   = 64                                        {product} {ergonomic}
   size_t InitialHeapSize                          = 134217728                                 {product} {ergonomic}
   size_t MarkStackSize                            = 4194304                                   {product} {ergonomic}
   size_t MaxHeapSize                              = 2122317824                                {product} {ergonomic}
   size_t MinHeapDeltaBytes                        = 1048576                                   {product} {ergonomic}
   size_t MinHeapSize                              = 8388608                                   {product} {ergonomic}
    uintx NonNMethodCodeHeapSize                   = 5832780                                {pd product} {ergonomic}
    uintx NonProfiledCodeHeapSize                  = 122912730                              {pd product} {ergonomic}
    uintx ProfiledCodeHeapSize                     = 122912730                              {pd product} {ergonomic}
    uintx ReservedCodeCacheSize                    = 251658240                              {pd product} {ergonomic}
     bool SegmentedCodeCache                       = true                                      {product} {ergonomic}
     bool ShowCodeDetailsInExceptionMessages       = true                                   {manageable} {command line}
   size_t SoftMaxHeapSize                          = 2122317824                             {manageable} {ergonomic}
     bool UseCompressedClassPointers               = true                                 {lp64_product} {ergonomic}
     bool UseCompressedOops                        = true                                 {lp64_product} {ergonomic}
     bool UseG1GC                                  = true                                      {product} {ergonomic}
     bool UseLargePagesIndividualAllocation        = false                                  {pd product} {ergonomic}

Logging:
Log output configuration:
 #0: stdout all=warning uptime,level,tags
 #1: stderr all=off uptime,level,tags

Environment Variables:
PATH=C:/Users/hai/.p2/pool/plugins/org.eclipse.justj.openjdk.hotspot.jre.full.win32.x86_64_15.0.1.v20201027-0507/jre/bin/server;C:/Users/hai/.p2/pool/plugins/org.eclipse.justj.openjdk.hotspot.jre.full.win32.x86_64_15.0.1.v20201027-0507/jre/bin;C:\ProgramData\Oracle\Java\javapath;C:\WINDOWS\system32;C:\WINDOWS;C:\WINDOWS\System32\Wbem;C:\WINDOWS\System32\WindowsPowerShell\v1.0\;C:\WINDOWS\System32\OpenSSH\;C:\Users\hai\Downloads\jdk-15.0.1_windows-x64_bin\jdk-15.0.1\bin;D:\MinGW\include;D:\MinGW\bin;D:\FPC\3.0.4\bin;C:\FPC\3.2.0\bin\i386-Win32;C:\Program Files\Microsoft SQL Server\Client SDK\ODBC\170\Tools\Binn\;C:\Program Files (x86)\Microsoft SQL Server\150\Tools\Binn\;C:\Program Files\Microsoft SQL Server\150\Tools\Binn\;C:\Program Files\Microsoft SQL Server\150\DTS\Binn\;C:\Program Files (x86)\Microsoft SQL Server\150\DTS\Binn\;C:\Program Files\Azure Data Studio\bin;C:\xampp\php;C:\Program Files\Git\cmd;C:\Users\hai\AppData\Local\Microsoft\WindowsApps;C:\Users\hai\AppData\Local\Programs\Microsoft VS Code\bin;C:\Program Files\Azure Data Studio\bin;C:\xampp\php;;C:\Users\hai\eclipse\jee-2020-12\eclipse;
USERNAME=hai
OS=Windows_NT
PROCESSOR_IDENTIFIER=Intel64 Family 6 Model 61 Stepping 4, GenuineIntel



---------------  S Y S T E M  ---------------

OS:
 Windows 10 , 64 bit Build 19041 (10.0.19041.928)
OS uptime: 0 days 14:35 hours

CPU: total 4 (initial active 4) (2 cores per cpu, 2 threads per core) family 6 model 61 stepping 4 microcode 0x2d, cmov, cx8, fxsr, mmx, sse, sse2, sse3, ssse3, sse4.1, sse4.2, popcnt, vzeroupper, avx, avx2, aes, clmul, erms, 3dnowpref, lzcnt, ht, tsc, tscinvbit, bmi1, bmi2, adx, fma, clflush

Memory: 4k page, system-wide physical 8091M (1458M free)
TotalPageFile size 22317M (AvailPageFile size 31M)
current process WorkingSet (physical memory assigned to process): 10M, peak: 10M
current process commit charge ("private bytes"): 51M, peak: 179M

vm_info: OpenJDK 64-Bit Server VM (15.0.1+9-18) for windows-amd64 JRE (15.0.1+9-18), built on Sep 15 2020 14:39:31 by "mach5one" with unknown MS VC++:1925

END.
